wait Extracting site metadata...
tip Apply theme @vuepress/theme-default ...
tip Apply plugin container (i.e. "vuepress-plugin-container") ...
tip Apply plugin @vuepress/register-components (i.e. "@vuepress/plugin-register-components") ...
tip Apply plugin @vuepress/active-header-links (i.e. "@vuepress/plugin-active-header-links") ...
tip Apply plugin @vuepress/search (i.e. "@vuepress/plugin-search") ...
tip Apply plugin @vuepress/nprogress (i.e. "@vuepress/plugin-nprogress") ...
tip Apply plugin copyright (i.e. "vuepress-plugin-copyright") ...
tip Apply plugin mathjax (i.e. "vuepress-plugin-mathjax") ...
ℹ Compiling Client
[34mℹ[39m [90m｢wds｣[39m: Project is running at http://0.0.0.0:8080/
[34mℹ[39m [90m｢wds｣[39m: webpack output is served from /
[34mℹ[39m [90m｢wds｣[39m: Content not from webpack is served from /root/vuepressDemo/docs/.vuepress/public
[34mℹ[39m [90m｢wds｣[39m: 404s will fallback to /index.html
✔ Client: Compiled successfully in 10.55s
csuccess [06:08:32] Build ec6153 finished in 10551 ms! 
> VuePress dev server listening at http://localhost:8080/
cℹ Compiling Client
✔ Client: Compiled successfully in 1.90s
csuccess [06:01:20] Build 0424d7 finished in 1902 ms! ( http://localhost:8080/ )
cℹ Compiling Client
✔ Client: Compiled successfully in 795.12ms
csuccess [06:01:25] Build ef9b2a finished in 796 ms! ( http://localhost:8080/ )
cℹ Compiling Client
✔ Client: Compiled successfully in 539.32ms
csuccess [06:01:26] Build 8a1869 finished in 540 ms! ( http://localhost:8080/ )
cℹ Compiling Client
✔ Client: Compiled successfully in 712.69ms
csuccess [06:01:28] Build 832393 finished in 715 ms! ( http://localhost:8080/ )
cℹ Compiling Client
✔ Client: Compiled successfully in 829.31ms
csuccess [06:01:30] Build e935e0 finished in 831 ms! ( http://localhost:8080/ )
cℹ Compiling Client
✔ Client: Compiled successfully in 419.52ms
csuccess [06:01:37] Build 33482a finished in 420 ms! ( http://localhost:8080/ )
cℹ Compiling Client
✔ Client: Compiled successfully in 407.56ms
csuccess [06:01:40] Build 0c6424 finished in 409 ms! ( http://localhost:8080/ )
cℹ Compiling Client
Reload due to frontmatter README.md
tip Apply theme @vuepress/theme-default ...
tip Apply plugin container (i.e. "vuepress-plugin-container") ...
tip Apply plugin @vuepress/register-components (i.e. "@vuepress/plugin-register-components") ...
tip Apply plugin @vuepress/active-header-links (i.e. "@vuepress/plugin-active-header-links") ...
tip Apply plugin @vuepress/search (i.e. "@vuepress/plugin-search") ...
tip Apply plugin @vuepress/nprogress (i.e. "@vuepress/plugin-nprogress") ...
tip Apply plugin copyright (i.e. "vuepress-plugin-copyright") ...
tip Apply plugin mathjax (i.e. "vuepress-plugin-mathjax") ...
✔ Client: Compiled successfully in 396.61ms
csuccess [06:01:48] Build f30010 finished in 397 ms! ( http://localhost:8080/ )
cℹ Compiling Client
✔ Client: Compiled successfully in 2.81s
csuccess [06:01:51] Build dc30f6 finished in 2816 ms! ( http://localhost:8080/ )
cℹ Compiling Client
Reload due to frontmatter README.md
tip Apply theme @vuepress/theme-default ...
tip Apply plugin container (i.e. "vuepress-plugin-container") ...
tip Apply plugin @vuepress/register-components (i.e. "@vuepress/plugin-register-components") ...
tip Apply plugin @vuepress/active-header-links (i.e. "@vuepress/plugin-active-header-links") ...
tip Apply plugin @vuepress/search (i.e. "@vuepress/plugin-search") ...
tip Apply plugin @vuepress/nprogress (i.e. "@vuepress/plugin-nprogress") ...
tip Apply plugin copyright (i.e. "vuepress-plugin-copyright") ...
tip Apply plugin mathjax (i.e. "vuepress-plugin-mathjax") ...
✔ Client: Compiled successfully in 485.46ms
csuccess [06:02:03] Build 886d2d finished in 487 ms! ( http://localhost:8080/ )
cℹ Compiling Client
✔ Client: Compiled successfully in 2.19s
csuccess [06:02:05] Build fca4cd finished in 2190 ms! ( http://localhost:8080/ )
cℹ Compiling Client
Reload due to frontmatter README.md
tip Apply theme @vuepress/theme-default ...
tip Apply plugin container (i.e. "vuepress-plugin-container") ...
tip Apply plugin @vuepress/register-components (i.e. "@vuepress/plugin-register-components") ...
tip Apply plugin @vuepress/active-header-links (i.e. "@vuepress/plugin-active-header-links") ...
tip Apply plugin @vuepress/search (i.e. "@vuepress/plugin-search") ...
tip Apply plugin @vuepress/nprogress (i.e. "@vuepress/plugin-nprogress") ...
tip Apply plugin copyright (i.e. "vuepress-plugin-copyright") ...
tip Apply plugin mathjax (i.e. "vuepress-plugin-mathjax") ...
✔ Client: Compiled successfully in 605.52ms
csuccess [06:02:09] Build c79a95 finished in 605 ms! ( http://localhost:8080/ )
cℹ Compiling Client
✔ Client: Compiled successfully in 1.90s
csuccess [06:02:11] Build 26ec57 finished in 1901 ms! ( http://localhost:8080/ )
cℹ Compiling Client
Reload due to frontmatter README.md
tip Apply theme @vuepress/theme-default ...
tip Apply plugin container (i.e. "vuepress-plugin-container") ...
tip Apply plugin @vuepress/register-components (i.e. "@vuepress/plugin-register-components") ...
tip Apply plugin @vuepress/active-header-links (i.e. "@vuepress/plugin-active-header-links") ...
tip Apply plugin @vuepress/search (i.e. "@vuepress/plugin-search") ...
tip Apply plugin @vuepress/nprogress (i.e. "@vuepress/plugin-nprogress") ...
tip Apply plugin copyright (i.e. "vuepress-plugin-copyright") ...
tip Apply plugin mathjax (i.e. "vuepress-plugin-mathjax") ...
✔ Client: Compiled successfully in 396.27ms
csuccess [06:02:19] Build 8c15ec finished in 397 ms! ( http://localhost:8080/ )
cℹ Compiling Client
✔ Client: Compiled successfully in 1.87s
csuccess [06:02:22] Build 3d097e finished in 1873 ms! ( http://localhost:8080/ )
cℹ Compiling Client
Reload due to frontmatter README.md
tip Apply theme @vuepress/theme-default ...
tip Apply plugin container (i.e. "vuepress-plugin-container") ...
tip Apply plugin @vuepress/register-components (i.e. "@vuepress/plugin-register-components") ...
tip Apply plugin @vuepress/active-header-links (i.e. "@vuepress/plugin-active-header-links") ...
tip Apply plugin @vuepress/search (i.e. "@vuepress/plugin-search") ...
tip Apply plugin @vuepress/nprogress (i.e. "@vuepress/plugin-nprogress") ...
tip Apply plugin copyright (i.e. "vuepress-plugin-copyright") ...
tip Apply plugin mathjax (i.e. "vuepress-plugin-mathjax") ...
✔ Client: Compiled successfully in 505.76ms
csuccess [06:02:26] Build 8866de finished in 506 ms! ( http://localhost:8080/ )
cℹ Compiling Client
✔ Client: Compiled successfully in 2.55s
csuccess [06:02:29] Build 004d77 finished in 2551 ms! ( http://localhost:8080/ )
cℹ Compiling Client
Reload due to frontmatter README.md
tip Apply theme @vuepress/theme-default ...
tip Apply plugin container (i.e. "vuepress-plugin-container") ...
tip Apply plugin @vuepress/register-components (i.e. "@vuepress/plugin-register-components") ...
tip Apply plugin @vuepress/active-header-links (i.e. "@vuepress/plugin-active-header-links") ...
tip Apply plugin @vuepress/search (i.e. "@vuepress/plugin-search") ...
tip Apply plugin @vuepress/nprogress (i.e. "@vuepress/plugin-nprogress") ...
tip Apply plugin copyright (i.e. "vuepress-plugin-copyright") ...
tip Apply plugin mathjax (i.e. "vuepress-plugin-mathjax") ...
✔ Client: Compiled successfully in 626.47ms
csuccess [06:02:30] Build 430d42 finished in 634 ms! ( http://localhost:8080/ )
cℹ Compiling Client
✔ Client: Compiled successfully in 2.69s
csuccess [06:02:33] Build 66fa47 finished in 2687 ms! ( http://localhost:8080/ )
cℹ Compiling Client
Reload due to frontmatter README.md
tip Apply theme @vuepress/theme-default ...
tip Apply plugin container (i.e. "vuepress-plugin-container") ...
tip Apply plugin @vuepress/register-components (i.e. "@vuepress/plugin-register-components") ...
tip Apply plugin @vuepress/active-header-links (i.e. "@vuepress/plugin-active-header-links") ...
tip Apply plugin @vuepress/search (i.e. "@vuepress/plugin-search") ...
tip Apply plugin @vuepress/nprogress (i.e. "@vuepress/plugin-nprogress") ...
tip Apply plugin copyright (i.e. "vuepress-plugin-copyright") ...
tip Apply plugin mathjax (i.e. "vuepress-plugin-mathjax") ...
✔ Client: Compiled successfully in 699.17ms
csuccess [06:02:34] Build e87ce7 finished in 700 ms! ( http://localhost:8080/ )
cℹ Compiling Client
Reload due to frontmatter README.md
tip Apply theme @vuepress/theme-default ...
tip Apply plugin container (i.e. "vuepress-plugin-container") ...
tip Apply plugin @vuepress/register-components (i.e. "@vuepress/plugin-register-components") ...
tip Apply plugin @vuepress/active-header-links (i.e. "@vuepress/plugin-active-header-links") ...
tip Apply plugin @vuepress/search (i.e. "@vuepress/plugin-search") ...
tip Apply plugin @vuepress/nprogress (i.e. "@vuepress/plugin-nprogress") ...
tip Apply plugin copyright (i.e. "vuepress-plugin-copyright") ...
tip Apply plugin mathjax (i.e. "vuepress-plugin-mathjax") ...
✔ Client: Compiled successfully in 2.28s
csuccess [06:02:36] Build ef1d95 finished in 2283 ms! ( http://localhost:8080/ )
cℹ Compiling Client
✔ Client: Compiled successfully in 2.20s
csuccess [06:02:39] Build 16f78c finished in 2198 ms! ( http://localhost:8080/ )
cℹ Compiling Client
✔ Client: Compiled successfully in 319.64ms
csuccess [06:02:42] Build d38499 finished in 320 ms! ( http://localhost:8080/ )
cℹ Compiling Client
✔ Client: Compiled successfully in 261.71ms
csuccess [06:02:47] Build f93d27 finished in 262 ms! ( http://localhost:8080/ )
cℹ Compiling Client
✔ Client: Compiled successfully in 324.67ms
csuccess [06:02:52] Build 491a09 finished in 325 ms! ( http://localhost:8080/ )
cℹ Compiling Client
✔ Client: Compiled successfully in 331.43ms
csuccess [06:03:05] Build de8985 finished in 332 ms! ( http://localhost:8080/ )
cℹ Compiling Client
✔ Client: Compiled successfully in 314.31ms
csuccess [06:03:17] Build 1a42d6 finished in 315 ms! ( http://localhost:8080/ )
cℹ Compiling Client
✔ Client: Compiled successfully in 704.28ms
csuccess [06:03:23] Build 641fd6 finished in 704 ms! ( http://localhost:8080/ )
cℹ Compiling Client
✔ Client: Compiled successfully in 635.80ms
csuccess [06:03:25] Build a69186 finished in 636 ms! ( http://localhost:8080/ )
cℹ Compiling Client
✔ Client: Compiled successfully in 543.59ms
csuccess [06:03:35] Build bcfb3d finished in 544 ms! ( http://localhost:8080/ )
cℹ Compiling Client
✔ Client: Compiled successfully in 414.26ms
csuccess [06:03:37] Build b7f6f0 finished in 414 ms! ( http://localhost:8080/ )
cℹ Compiling Client
✔ Client: Compiled successfully in 314.81ms
csuccess [06:03:40] Build 4ddf8c finished in 315 ms! ( http://localhost:8080/ )
cℹ Compiling Client
✔ Client: Compiled successfully in 900.12ms
csuccess [06:03:58] Build 81470f finished in 901 ms! ( http://localhost:8080/ )
cℹ Compiling Client
✔ Client: Compiled successfully in 477.97ms
csuccess [06:04:21] Build 666404 finished in 478 ms! ( http://localhost:8080/ )
cℹ Compiling Client
✔ Client: Compiled successfully in 495.89ms
csuccess [06:04:24] Build 500b6d finished in 496 ms! ( http://localhost:8080/ )
cℹ Compiling Client
Reload due to frontmatter README.md
tip Apply theme @vuepress/theme-default ...
tip Apply plugin container (i.e. "vuepress-plugin-container") ...
tip Apply plugin @vuepress/register-components (i.e. "@vuepress/plugin-register-components") ...
tip Apply plugin @vuepress/active-header-links (i.e. "@vuepress/plugin-active-header-links") ...
tip Apply plugin @vuepress/search (i.e. "@vuepress/plugin-search") ...
tip Apply plugin @vuepress/nprogress (i.e. "@vuepress/plugin-nprogress") ...
tip Apply plugin copyright (i.e. "vuepress-plugin-copyright") ...
tip Apply plugin mathjax (i.e. "vuepress-plugin-mathjax") ...
✔ Client: Compiled successfully in 771.59ms
csuccess [06:05:25] Build 5377f8 finished in 772 ms! ( http://localhost:8080/ )
cℹ Compiling Client
✔ Client: Compiled successfully in 3.00s
csuccess [06:05:29] Build 321ebd finished in 3004 ms! ( http://localhost:8080/ )
cℹ Compiling Client
✔ Client: Compiled successfully in 394.60ms
csuccess [06:05:29] Build 7d8fad finished in 396 ms! ( http://localhost:8080/ )
cℹ Compiling Client
Reload due to frontmatter README.md
tip Apply theme @vuepress/theme-default ...
tip Apply plugin container (i.e. "vuepress-plugin-container") ...
tip Apply plugin @vuepress/register-components (i.e. "@vuepress/plugin-register-components") ...
tip Apply plugin @vuepress/active-header-links (i.e. "@vuepress/plugin-active-header-links") ...
tip Apply plugin @vuepress/search (i.e. "@vuepress/plugin-search") ...
tip Apply plugin @vuepress/nprogress (i.e. "@vuepress/plugin-nprogress") ...
tip Apply plugin copyright (i.e. "vuepress-plugin-copyright") ...
tip Apply plugin mathjax (i.e. "vuepress-plugin-mathjax") ...
✔ Client: Compiled successfully in 506.49ms
csuccess [06:05:40] Build d57e3a finished in 507 ms! ( http://localhost:8080/ )
cℹ Compiling Client
✔ Client: Compiled successfully in 2.28s
csuccess [06:05:43] Build 27cc26 finished in 2281 ms! ( http://localhost:8080/ )
cℹ Compiling Client
✔ Client: Compiled successfully in 264.48ms
csuccess [06:05:58] Build 486fcc finished in 265 ms! ( http://localhost:8080/ )
cℹ Compiling Client
✔ Client: Compiled successfully in 318.76ms
csuccess [06:06:01] Build dd1799 finished in 319 ms! ( http://localhost:8080/ )
cℹ Compiling Client
✔ Client: Compiled successfully in 237.74ms
csuccess [06:06:04] Build 2ab4db finished in 238 ms! ( http://localhost:8080/ )
cℹ Compiling Client
✔ Client: Compiled successfully in 341.96ms
csuccess [06:06:09] Build 64786a finished in 342 ms! ( http://localhost:8080/ )
cℹ Compiling Client
✔ Client: Compiled successfully in 191.32ms
csuccess [06:06:11] Build eac1f7 finished in 192 ms! ( http://localhost:8080/ )
cℹ Compiling Client
✔ Client: Compiled successfully in 201.65ms
csuccess [06:06:15] Build 725c54 finished in 202 ms! ( http://localhost:8080/ )
cℹ Compiling Client
✔ Client: Compiled successfully in 220.69ms
csuccess [06:06:27] Build 368f0b finished in 221 ms! ( http://localhost:8080/ )
cℹ Compiling Client
✔ Client: Compiled successfully in 380.55ms
csuccess [06:06:35] Build 7f2195 finished in 381 ms! ( http://localhost:8080/ )
cℹ Compiling Client
✔ Client: Compiled successfully in 216.31ms
csuccess [06:06:42] Build 5423d4 finished in 217 ms! ( http://localhost:8080/ )
cℹ Compiling Client
✔ Client: Compiled successfully in 380.33ms
csuccess [06:06:45] Build 05316d finished in 381 ms! ( http://localhost:8080/ )
cℹ Compiling Client
✔ Client: Compiled successfully in 318.81ms
csuccess [06:06:47] Build a0b100 finished in 319 ms! ( http://localhost:8080/ )
cℹ Compiling Client
✔ Client: Compiled successfully in 344.89ms
csuccess [06:06:53] Build f48997 finished in 345 ms! ( http://localhost:8080/ )
cℹ Compiling Client
✔ Client: Compiled successfully in 356.27ms
csuccess [06:06:55] Build e96f4e finished in 358 ms! ( http://localhost:8080/ )
cℹ Compiling Client
✔ Client: Compiled successfully in 378.55ms
csuccess [06:07:16] Build e0198a finished in 379 ms! ( http://localhost:8080/ )
cℹ Compiling Client
✔ Client: Compiled successfully in 383.67ms
csuccess [06:07:18] Build a0340e finished in 384 ms! ( http://localhost:8080/ )
cℹ Compiling Client
✔ Client: Compiled successfully in 254.20ms
csuccess [06:07:23] Build d2cec7 finished in 254 ms! ( http://localhost:8080/ )
cℹ Compiling Client
✔ Client: Compiled successfully in 306.49ms
csuccess [06:07:26] Build 579a12 finished in 306 ms! ( http://localhost:8080/ )
cℹ Compiling Client
✔ Client: Compiled successfully in 270.83ms
csuccess [06:07:31] Build 900ab3 finished in 271 ms! ( http://localhost:8080/ )
cℹ Compiling Client
✔ Client: Compiled successfully in 242.40ms
csuccess [06:07:35] Build ddb2e5 finished in 243 ms! ( http://localhost:8080/ )
cℹ Compiling Client
✔ Client: Compiled successfully in 319.44ms
csuccess [06:07:39] Build 195a33 finished in 320 ms! ( http://localhost:8080/ )
cℹ Compiling Client
✔ Client: Compiled successfully in 254.04ms
csuccess [06:07:45] Build 28117f finished in 254 ms! ( http://localhost:8080/ )
cℹ Compiling Client
✔ Client: Compiled successfully in 186.04ms
csuccess [06:07:46] Build e4c366 finished in 187 ms! ( http://localhost:8080/ )
cℹ Compiling Client
✔ Client: Compiled successfully in 335.24ms
csuccess [06:07:48] Build 78f1d6 finished in 336 ms! ( http://localhost:8080/ )
cℹ Compiling Client
✔ Client: Compiled successfully in 377.42ms
csuccess [06:07:54] Build 76ebb0 finished in 378 ms! ( http://localhost:8080/ )
cℹ Compiling Client
✔ Client: Compiled successfully in 331.90ms
csuccess [06:07:57] Build 8e17c9 finished in 333 ms! ( http://localhost:8080/ )
cℹ Compiling Client
✔ Client: Compiled successfully in 228.39ms
csuccess [06:08:04] Build 9e1236 finished in 229 ms! ( http://localhost:8080/ )
cℹ Compiling Client
✔ Client: Compiled successfully in 211.87ms
csuccess [06:08:05] Build 76d183 finished in 212 ms! ( http://localhost:8080/ )
cℹ Compiling Client
✔ Client: Compiled successfully in 229.28ms
csuccess [06:08:10] Build 3d86d7 finished in 230 ms! ( http://localhost:8080/ )
cℹ Compiling Client
✔ Client: Compiled successfully in 351.09ms
csuccess [06:08:16] Build 080f4c finished in 352 ms! ( http://localhost:8080/ )
cℹ Compiling Client
✔ Client: Compiled successfully in 186.41ms
csuccess [06:08:23] Build 65f0e8 finished in 187 ms! ( http://localhost:8080/ )
cℹ Compiling Client
✔ Client: Compiled successfully in 257.95ms
csuccess [06:08:32] Build 12d6ed finished in 258 ms! ( http://localhost:8080/ )
cℹ Compiling Client
✔ Client: Compiled successfully in 433.64ms
csuccess [06:08:34] Build 01501e finished in 434 ms! ( http://localhost:8080/ )
cℹ Compiling Client
✔ Client: Compiled successfully in 438.64ms
csuccess [06:09:05] Build 6cae64 finished in 440 ms! ( http://localhost:8080/ )
cℹ Compiling Client
✔ Client: Compiled successfully in 452.75ms
csuccess [06:09:08] Build 44e2dc finished in 453 ms! ( http://localhost:8080/ )
cℹ Compiling Client
✔ Client: Compiled successfully in 326.00ms
csuccess [06:09:13] Build 27ff82 finished in 326 ms! ( http://localhost:8080/ )
cℹ Compiling Client
✔ Client: Compiled successfully in 302.09ms
csuccess [06:09:16] Build 225bdd finished in 302 ms! ( http://localhost:8080/ )
cℹ Compiling Client
✔ Client: Compiled successfully in 239.03ms
csuccess [06:09:21] Build 8c4ae2 finished in 239 ms! ( http://localhost:8080/ )
cℹ Compiling Client
✔ Client: Compiled successfully in 342.92ms
csuccess [06:11:01] Build a642d1 finished in 343 ms! ( http://localhost:8080/ )
cℹ Compiling Client
✔ Client: Compiled successfully in 298.88ms
csuccess [06:11:06] Build db5a63 finished in 303 ms! ( http://localhost:8080/ )
cℹ Compiling Client
✔ Client: Compiled successfully in 211.89ms
csuccess [06:11:10] Build 28f162 finished in 212 ms! ( http://localhost:8080/ )
cℹ Compiling Client
✔ Client: Compiled successfully in 255.73ms
csuccess [06:11:13] Build e79f7b finished in 256 ms! ( http://localhost:8080/ )
cℹ Compiling Client
✔ Client: Compiled successfully in 545.72ms
csuccess [06:11:14] Build 645d08 finished in 547 ms! ( http://localhost:8080/ )
cℹ Compiling Client
✔ Client: Compiled successfully in 354.42ms
csuccess [06:11:55] Build 906784 finished in 355 ms! ( http://localhost:8080/ )
cℹ Compiling Client
✔ Client: Compiled successfully in 226.32ms
csuccess [06:11:58] Build 6e88b1 finished in 227 ms! ( http://localhost:8080/ )
cℹ Compiling Client
✔ Client: Compiled successfully in 348.24ms
csuccess [06:12:07] Build 43d973 finished in 349 ms! ( http://localhost:8080/ )
cℹ Compiling Client
✔ Client: Compiled successfully in 769.56ms
csuccess [06:12:11] Build 64753c finished in 770 ms! ( http://localhost:8080/ )
cℹ Compiling Client
✔ Client: Compiled successfully in 143.72ms
csuccess [06:12:11] Build 2cab31 finished in 144 ms! ( http://localhost:8080/ )
cℹ Compiling Client
✔ Client: Compiled successfully in 156.01ms
csuccess [06:12:17] Build 6bf6fc finished in 156 ms! ( http://localhost:8080/ )
cℹ Compiling Client
✔ Client: Compiled successfully in 221.15ms
csuccess [06:12:26] Build 82c1ac finished in 222 ms! ( http://localhost:8080/ )
cℹ Compiling Client
✔ Client: Compiled successfully in 139.30ms
csuccess [06:12:40] Build 14ad24 finished in 140 ms! ( http://localhost:8080/ )
cℹ Compiling Client
✔ Client: Compiled successfully in 227.47ms
csuccess [06:12:53] Build 2da4ce finished in 228 ms! ( http://localhost:8080/ )
cℹ Compiling Client
✔ Client: Compiled successfully in 203.21ms
csuccess [06:12:56] Build 7acbe0 finished in 203 ms! ( http://localhost:8080/ )
cℹ Compiling Client
✔ Client: Compiled successfully in 276.17ms
csuccess [06:13:03] Build e15a9a finished in 276 ms! ( http://localhost:8080/ )
cℹ Compiling Client
✔ Client: Compiled successfully in 226.24ms
csuccess [06:13:07] Build c7da9b finished in 227 ms! ( http://localhost:8080/ )
cℹ Compiling Client
✔ Client: Compiled successfully in 179.06ms
csuccess [06:13:10] Build aba944 finished in 179 ms! ( http://localhost:8080/ )
cℹ Compiling Client
✔ Client: Compiled successfully in 175.62ms
csuccess [06:13:12] Build fb16ca finished in 176 ms! ( http://localhost:8080/ )
cℹ Compiling Client
✔ Client: Compiled successfully in 154.37ms
csuccess [06:13:20] Build 1d67db finished in 154 ms! ( http://localhost:8080/ )
cℹ Compiling Client
✔ Client: Compiled successfully in 193.09ms
csuccess [06:13:28] Build a5dd14 finished in 193 ms! ( http://localhost:8080/ )
cℹ Compiling Client
✔ Client: Compiled successfully in 229.88ms
csuccess [06:13:32] Build ab91b0 finished in 230 ms! ( http://localhost:8080/ )
cℹ Compiling Client
✔ Client: Compiled successfully in 209.30ms
csuccess [06:13:34] Build 07e745 finished in 210 ms! ( http://localhost:8080/ )
cℹ Compiling Client
✔ Client: Compiled successfully in 284.57ms
csuccess [06:13:38] Build 3d4e87 finished in 285 ms! ( http://localhost:8080/ )
cℹ Compiling Client
✔ Client: Compiled successfully in 197.28ms
csuccess [06:13:54] Build 882af9 finished in 197 ms! ( http://localhost:8080/ )
cℹ Compiling Client
✔ Client: Compiled successfully in 288.37ms
csuccess [06:14:02] Build e96e69 finished in 289 ms! ( http://localhost:8080/ )
cℹ Compiling Client
✔ Client: Compiled successfully in 194.72ms
csuccess [06:14:10] Build 8bb92d finished in 195 ms! ( http://localhost:8080/ )
cℹ Compiling Client
✔ Client: Compiled successfully in 246.69ms
csuccess [06:14:12] Build e647f7 finished in 247 ms! ( http://localhost:8080/ )
cℹ Compiling Client
✔ Client: Compiled successfully in 291.37ms
csuccess [06:14:29] Build 1a86a9 finished in 292 ms! ( http://localhost:8080/ )
cℹ Compiling Client
✔ Client: Compiled successfully in 266.29ms
csuccess [06:14:31] Build 0ea2af finished in 267 ms! ( http://localhost:8080/ )
Reload due to change .vuepress/config.js
tip Apply theme @vuepress/theme-default ...
tip Apply plugin container (i.e. "vuepress-plugin-container") ...
tip Apply plugin @vuepress/register-components (i.e. "@vuepress/plugin-register-components") ...
tip Apply plugin @vuepress/active-header-links (i.e. "@vuepress/plugin-active-header-links") ...
tip Apply plugin @vuepress/search (i.e. "@vuepress/plugin-search") ...
tip Apply plugin @vuepress/nprogress (i.e. "@vuepress/plugin-nprogress") ...
tip Apply plugin copyright (i.e. "vuepress-plugin-copyright") ...
tip Apply plugin mathjax (i.e. "vuepress-plugin-mathjax") ...
cℹ Compiling Client
Reload due to change .vuepress/config.js
tip Apply theme @vuepress/theme-default ...
tip Apply plugin container (i.e. "vuepress-plugin-container") ...
tip Apply plugin @vuepress/register-components (i.e. "@vuepress/plugin-register-components") ...
tip Apply plugin @vuepress/active-header-links (i.e. "@vuepress/plugin-active-header-links") ...
tip Apply plugin @vuepress/search (i.e. "@vuepress/plugin-search") ...
tip Apply plugin @vuepress/nprogress (i.e. "@vuepress/plugin-nprogress") ...
tip Apply plugin copyright (i.e. "vuepress-plugin-copyright") ...
tip Apply plugin mathjax (i.e. "vuepress-plugin-mathjax") ...
✔ Client: Compiled successfully in 4.77s
csuccess [06:16:29] Build 6e1108 finished in 4772 ms! ( http://localhost:8080/ )
cℹ Compiling Client
✔ Client: Compiled successfully in 3.67s
csuccess [06:16:33] Build 46df88 finished in 3667 ms! ( http://localhost:8080/ )
Reload due to change .vuepress/config.js
tip Apply theme @vuepress/theme-default ...
tip Apply plugin container (i.e. "vuepress-plugin-container") ...
tip Apply plugin @vuepress/register-components (i.e. "@vuepress/plugin-register-components") ...
tip Apply plugin @vuepress/active-header-links (i.e. "@vuepress/plugin-active-header-links") ...
tip Apply plugin @vuepress/search (i.e. "@vuepress/plugin-search") ...
tip Apply plugin @vuepress/nprogress (i.e. "@vuepress/plugin-nprogress") ...
tip Apply plugin copyright (i.e. "vuepress-plugin-copyright") ...
tip Apply plugin mathjax (i.e. "vuepress-plugin-mathjax") ...
cℹ Compiling Client
Reload due to change .vuepress/config.js
tip Apply theme @vuepress/theme-default ...
tip Apply plugin container (i.e. "vuepress-plugin-container") ...
tip Apply plugin @vuepress/register-components (i.e. "@vuepress/plugin-register-components") ...
tip Apply plugin @vuepress/active-header-links (i.e. "@vuepress/plugin-active-header-links") ...
tip Apply plugin @vuepress/search (i.e. "@vuepress/plugin-search") ...
tip Apply plugin @vuepress/nprogress (i.e. "@vuepress/plugin-nprogress") ...
tip Apply plugin copyright (i.e. "vuepress-plugin-copyright") ...
tip Apply plugin mathjax (i.e. "vuepress-plugin-mathjax") ...
✔ Client: Compiled successfully in 4.84s
csuccess [06:16:42] Build 1c1c76 finished in 4838 ms! ( http://localhost:8080/ )
cℹ Compiling Client
✔ Client: Compiled successfully in 1.90s
csuccess [06:16:44] Build 68d100 finished in 1896 ms! ( http://localhost:8080/ )
Reload due to change .vuepress/config.js
tip Apply theme @vuepress/theme-default ...
tip Apply plugin container (i.e. "vuepress-plugin-container") ...
tip Apply plugin @vuepress/register-components (i.e. "@vuepress/plugin-register-components") ...
tip Apply plugin @vuepress/active-header-links (i.e. "@vuepress/plugin-active-header-links") ...
tip Apply plugin @vuepress/search (i.e. "@vuepress/plugin-search") ...
tip Apply plugin @vuepress/nprogress (i.e. "@vuepress/plugin-nprogress") ...
tip Apply plugin copyright (i.e. "vuepress-plugin-copyright") ...
tip Apply plugin mathjax (i.e. "vuepress-plugin-mathjax") ...
cℹ Compiling Client
Reload due to change .vuepress/config.js
tip Apply theme @vuepress/theme-default ...
tip Apply plugin container (i.e. "vuepress-plugin-container") ...
tip Apply plugin @vuepress/register-components (i.e. "@vuepress/plugin-register-components") ...
tip Apply plugin @vuepress/active-header-links (i.e. "@vuepress/plugin-active-header-links") ...
tip Apply plugin @vuepress/search (i.e. "@vuepress/plugin-search") ...
tip Apply plugin @vuepress/nprogress (i.e. "@vuepress/plugin-nprogress") ...
tip Apply plugin copyright (i.e. "vuepress-plugin-copyright") ...
tip Apply plugin mathjax (i.e. "vuepress-plugin-mathjax") ...
✔ Client: Compiled successfully in 3.21s
csuccess [06:18:29] Build 0fe147 finished in 3206 ms! ( http://localhost:8080/ )
cReload due to change .vuepress/config.js
tip Apply theme @vuepress/theme-default ...
tip Apply plugin container (i.e. "vuepress-plugin-container") ...
tip Apply plugin @vuepress/register-components (i.e. "@vuepress/plugin-register-components") ...
tip Apply plugin @vuepress/active-header-links (i.e. "@vuepress/plugin-active-header-links") ...
tip Apply plugin @vuepress/search (i.e. "@vuepress/plugin-search") ...
tip Apply plugin @vuepress/nprogress (i.e. "@vuepress/plugin-nprogress") ...
tip Apply plugin copyright (i.e. "vuepress-plugin-copyright") ...
tip Apply plugin mathjax (i.e. "vuepress-plugin-mathjax") ...
✔ Client: Compiled successfully in 3.21s
✔ Client: Compiled successfully in 2.54s
csuccess [06:18:32] Build 2459da finished in 2539 ms! ( http://localhost:8080/ )
cℹ Compiling Client
Reload due to change .vuepress/config.js
tip Apply theme @vuepress/theme-default ...
tip Apply plugin container (i.e. "vuepress-plugin-container") ...
tip Apply plugin @vuepress/register-components (i.e. "@vuepress/plugin-register-components") ...
tip Apply plugin @vuepress/active-header-links (i.e. "@vuepress/plugin-active-header-links") ...
tip Apply plugin @vuepress/search (i.e. "@vuepress/plugin-search") ...
tip Apply plugin @vuepress/nprogress (i.e. "@vuepress/plugin-nprogress") ...
tip Apply plugin copyright (i.e. "vuepress-plugin-copyright") ...
tip Apply plugin mathjax (i.e. "vuepress-plugin-mathjax") ...
✔ Client: Compiled successfully in 2.59s
csuccess [06:18:35] Build e697f1 finished in 2592 ms! ( http://localhost:8080/ )
cℹ Compiling Client
Reload due to change .vuepress/config.js
tip Apply theme @vuepress/theme-default ...
tip Apply plugin container (i.e. "vuepress-plugin-container") ...
tip Apply plugin @vuepress/register-components (i.e. "@vuepress/plugin-register-components") ...
tip Apply plugin @vuepress/active-header-links (i.e. "@vuepress/plugin-active-header-links") ...
tip Apply plugin @vuepress/search (i.e. "@vuepress/plugin-search") ...
tip Apply plugin @vuepress/nprogress (i.e. "@vuepress/plugin-nprogress") ...
tip Apply plugin copyright (i.e. "vuepress-plugin-copyright") ...
tip Apply plugin mathjax (i.e. "vuepress-plugin-mathjax") ...
✔ Client: Compiled successfully in 2.46s
csuccess [06:18:37] Build c902f5 finished in 2461 ms! ( http://localhost:8080/ )
cℹ Compiling Client
✔ Client: Compiled successfully in 1.99s
csuccess [06:18:40] Build bb8f17 finished in 1986 ms! ( http://localhost:8080/ )
Reload due to change .vuepress/config.js
tip Apply theme @vuepress/theme-default ...
tip Apply plugin container (i.e. "vuepress-plugin-container") ...
tip Apply plugin @vuepress/register-components (i.e. "@vuepress/plugin-register-components") ...
tip Apply plugin @vuepress/active-header-links (i.e. "@vuepress/plugin-active-header-links") ...
tip Apply plugin @vuepress/search (i.e. "@vuepress/plugin-search") ...
tip Apply plugin @vuepress/nprogress (i.e. "@vuepress/plugin-nprogress") ...
tip Apply plugin copyright (i.e. "vuepress-plugin-copyright") ...
tip Apply plugin mathjax (i.e. "vuepress-plugin-mathjax") ...
cℹ Compiling Client
✔ Client: Compiled successfully in 1.80s
csuccess [06:18:46] Build 9cbf92 finished in 1805 ms! ( http://localhost:8080/ )
